2021-09-18 03:52:46,495 [main] INFO nopCommerce - ******Launching URL*******
2021-09-18 03:52:46,707 [main] INFO nopCommerce - *****Opening URL*****
2021-09-18 03:52:51,006 [main] INFO nopCommerce - *****Providing login details****
2021-09-18 03:52:51,294 [main] INFO nopCommerce - *****Started Login*****
2021-09-18 03:53:18,628 [main] INFO nopCommerce - *****Adding a new customer******
2021-09-18 03:53:18,630 [main] INFO nopCommerce - *****Providing information******
2021-09-18 03:53:32,129 [main] INFO nopCommerce - *****Saving customer data******
2021-09-18 03:53:41,319 [main] INFO nopCommerce - ******Launching URL*******
2021-09-18 03:53:41,476 [main] INFO nopCommerce - *****Opening URL*****
2021-09-18 03:53:45,916 [main] INFO nopCommerce - *****Providing login details****
2021-09-18 03:53:46,122 [main] INFO nopCommerce - *****Started Login*****
2021-09-18 03:54:14,858 [main] INFO nopCommerce - *****Searching customer by Email ID******
2021-09-18 03:54:15,223 [main] INFO nopCommerce - *****Search starts******
2021-09-18 03:54:18,375 [main] INFO nopCommerce - *****Checking the search results displayed******
2021-09-18 03:54:35,674 [main] INFO nopCommerce - ******Launching URL*******
2021-09-18 03:54:35,811 [main] INFO nopCommerce - *****Opening URL*****
2021-09-18 03:54:39,673 [main] INFO nopCommerce - *****Providing login details****
2021-09-18 03:54:40,067 [main] INFO nopCommerce - *****Started Login*****
2021-09-18 03:54:51,562 [main] INFO nopCommerce - *****Login passed******
2021-09-18 03:54:54,106 [main] INFO nopCommerce - *****Login passed******
2021-09-18 03:54:55,443 [main] INFO nopCommerce - ******Launching URL*******
2021-09-18 03:54:55,584 [main] INFO nopCommerce - *****Opening URL*****
2021-09-18 03:55:21,243 [main] INFO nopCommerce - *****Providing login details****
2021-09-18 03:55:21,456 [main] INFO nopCommerce - *****Started Login*****
2021-09-18 03:55:36,709 [main] INFO nopCommerce - *****Login passed******
2021-09-18 03:55:48,232 [main] INFO nopCommerce - *****Login passed******
2021-09-18 04:18:32,349 [main] INFO nopCommerce - ******Launching URL*******
2021-09-18 04:18:32,786 [main] INFO nopCommerce - *****Opening URL*****
2021-09-18 04:18:39,284 [main] INFO nopCommerce - *****Providing login details****
2021-09-18 04:18:39,677 [main] INFO nopCommerce - *****Started Login*****
2021-09-18 04:19:21,629 [main] INFO nopCommerce - *****Adding a new customer******
2021-09-18 04:19:21,631 [main] INFO nopCommerce - *****Providing information******
2021-09-18 04:19:35,642 [main] INFO nopCommerce - *****Saving customer data******
2021-09-18 04:19:45,888 [main] INFO nopCommerce - ******Launching URL*******
2021-09-18 04:19:45,899 [main] INFO nopCommerce - *****Opening URL*****
2021-09-18 04:19:50,287 [main] INFO nopCommerce - *****Providing login details****
2021-09-18 04:19:50,600 [main] INFO nopCommerce - *****Started Login*****
2021-09-18 04:20:07,925 [main] INFO nopCommerce - *****Searching customer by Email ID******
2021-09-18 04:20:08,275 [main] INFO nopCommerce - *****Search starts******
2021-09-18 04:20:11,382 [main] INFO nopCommerce - *****Checking the search results displayed******
2021-09-18 04:20:15,926 [main] INFO nopCommerce - ******Launching URL*******
2021-09-18 04:20:15,931 [main] INFO nopCommerce - *****Opening URL*****
2021-09-18 04:20:25,592 [main] INFO nopCommerce - *****Providing login details****
2021-09-18 04:20:25,806 [main] INFO nopCommerce - *****Started Login*****
2021-09-18 04:20:38,605 [main] INFO nopCommerce - *****Login passed******
2021-09-18 04:20:40,702 [main] INFO nopCommerce - *****Login passed******
2021-09-18 04:20:42,685 [main] INFO nopCommerce - ******Launching URL*******
2021-09-18 04:20:42,723 [main] INFO nopCommerce - *****Opening URL*****
2021-09-18 04:20:46,506 [main] INFO nopCommerce - *****Providing login details****
2021-09-18 04:20:46,773 [main] INFO nopCommerce - *****Started Login*****
2021-09-18 04:20:53,950 [main] INFO nopCommerce - *****Login passed******
2021-09-18 04:20:57,541 [main] INFO nopCommerce - *****Login passed******
2021-09-18 04:32:48,090 [main] INFO nopCommerce - ******Launching URL*******
2021-09-18 04:32:48,482 [main] INFO nopCommerce - *****Opening URL*****
2021-09-18 04:33:34,719 [main] INFO nopCommerce - *****Providing login details****
2021-09-18 04:33:35,165 [main] INFO nopCommerce - *****Started Login*****
2021-09-18 04:34:34,356 [main] INFO nopCommerce - *****Login passed******
2021-09-18 04:34:42,522 [main] INFO nopCommerce - *****Login passed******
2021-09-18 04:35:14,119 [main] INFO nopCommerce - ******Launching URL*******
2021-09-18 04:35:14,130 [main] INFO nopCommerce - *****Opening URL*****
2021-09-18 04:35:19,248 [main] INFO nopCommerce - *****Providing login details****
2021-09-18 04:35:19,590 [main] INFO nopCommerce - *****Started Login*****
2021-09-18 04:36:10,568 [main] INFO nopCommerce - *****Login passed******
2021-09-18 04:37:15,166 [main] INFO nopCommerce - *****Login passed******
2021-09-18 04:41:34,036 [main] INFO nopCommerce - ******Launching URL*******
2021-09-18 04:41:34,453 [main] INFO nopCommerce - *****Opening URL*****
2021-09-18 04:41:36,264 [main] INFO nopCommerce - *****Providing login details****
2021-09-18 04:41:36,919 [main] INFO nopCommerce - *****Started Login*****
2021-09-18 04:42:00,714 [main] INFO nopCommerce - *****Adding a new customer******
2021-09-18 04:42:00,723 [main] INFO nopCommerce - *****Providing information******
2021-09-18 04:42:15,300 [main] INFO nopCommerce - *****Saving customer data******
2021-09-18 04:42:21,363 [main] INFO nopCommerce - ******Launching URL*******
2021-09-18 04:42:21,367 [main] INFO nopCommerce - *****Opening URL*****
2021-09-18 04:42:25,528 [main] INFO nopCommerce - *****Providing login details****
2021-09-18 04:42:25,722 [main] INFO nopCommerce - *****Started Login*****
2021-09-18 04:42:46,898 [main] INFO nopCommerce - *****Login passed******
2021-09-18 04:42:49,044 [main] INFO nopCommerce - *****Login passed******
2021-09-18 04:44:07,185 [main] INFO nopCommerce - ******Launching URL*******
2021-09-18 04:44:07,598 [main] INFO nopCommerce - *****Opening URL*****
2021-09-18 04:44:12,254 [main] INFO nopCommerce - *****Providing login details****
2021-09-18 04:44:12,620 [main] INFO nopCommerce - *****Started Login*****
2021-09-18 04:44:34,139 [main] INFO nopCommerce - *****Adding a new customer******
2021-09-18 04:44:34,145 [main] INFO nopCommerce - *****Providing information******
2021-09-18 04:44:47,462 [main] INFO nopCommerce - *****Saving customer data******
2021-09-18 04:44:54,940 [main] INFO nopCommerce - ******Launching URL*******
2021-09-18 04:44:54,977 [main] INFO nopCommerce - *****Opening URL*****
2021-09-18 04:45:01,164 [main] INFO nopCommerce - *****Providing login details****
2021-09-18 04:45:01,502 [main] INFO nopCommerce - *****Started Login*****
2021-09-18 04:45:13,619 [main] INFO nopCommerce - *****Searching customer by Email ID******
2021-09-18 04:45:14,128 [main] INFO nopCommerce - *****Search starts******
2021-09-18 04:45:17,293 [main] INFO nopCommerce - *****Checking the search results displayed******
2021-09-18 04:45:21,404 [main] INFO nopCommerce - ******Launching URL*******
2021-09-18 04:45:21,410 [main] INFO nopCommerce - *****Opening URL*****
2021-09-18 04:45:26,785 [main] INFO nopCommerce - *****Providing login details****
2021-09-18 04:45:27,070 [main] INFO nopCommerce - *****Started Login*****
2021-09-18 04:45:39,031 [main] INFO nopCommerce - *****Login passed******
2021-09-18 04:45:41,984 [main] INFO nopCommerce - *****Login passed******
2021-09-18 04:45:45,227 [main] INFO nopCommerce - ******Launching URL*******
2021-09-18 04:45:45,382 [main] INFO nopCommerce - *****Opening URL*****
2021-09-18 04:45:48,576 [main] INFO nopCommerce - *****Providing login details****
2021-09-18 04:45:48,802 [main] INFO nopCommerce - *****Started Login*****
2021-09-18 04:46:01,059 [main] INFO nopCommerce - *****Login passed******
2021-09-18 04:46:03,551 [main] INFO nopCommerce - *****Login passed******
2021-09-18 04:55:14,922 [main] INFO nopCommerce - ******Launching URL*******
2021-09-18 04:55:15,333 [main] INFO nopCommerce - *****Opening URL*****
2021-09-18 04:55:20,530 [main] INFO nopCommerce - *****Providing login details****
2021-09-18 04:55:20,830 [main] INFO nopCommerce - *****Started Login*****
2021-09-18 04:55:54,392 [main] INFO nopCommerce - *****Adding a new customer******
2021-09-18 04:55:54,392 [main] INFO nopCommerce - *****Providing information******
2021-09-18 04:56:07,826 [main] INFO nopCommerce - *****Saving customer data******
2021-09-18 04:56:17,098 [main] INFO nopCommerce - ******Launching URL*******
2021-09-18 04:56:17,228 [main] INFO nopCommerce - *****Opening URL*****
2021-09-18 04:56:20,087 [main] INFO nopCommerce - *****Providing login details****
2021-09-18 04:56:20,282 [main] INFO nopCommerce - *****Started Login*****
2021-09-18 04:56:35,203 [main] INFO nopCommerce - *****Searching customer by Email ID******
2021-09-18 04:56:35,569 [main] INFO nopCommerce - *****Search starts******
2021-09-18 04:56:38,734 [main] INFO nopCommerce - *****Checking the search results displayed******
2021-09-18 04:56:41,703 [main] INFO nopCommerce - ******Launching URL*******
2021-09-18 04:56:41,715 [main] INFO nopCommerce - *****Opening URL*****
2021-09-18 04:56:44,385 [main] INFO nopCommerce - *****Providing login details****
2021-09-18 04:56:44,617 [main] INFO nopCommerce - *****Started Login*****
2021-09-18 04:56:51,482 [main] INFO nopCommerce - *****Login passed******
2021-09-18 04:56:55,252 [main] INFO nopCommerce - *****Login passed******
2021-09-18 04:56:59,641 [main] INFO nopCommerce - ******Launching URL*******
2021-09-18 04:56:59,646 [main] INFO nopCommerce - *****Opening URL*****
2021-09-18 04:57:02,015 [main] INFO nopCommerce - *****Providing login details****
2021-09-18 04:57:02,314 [main] INFO nopCommerce - *****Started Login*****
2021-09-18 04:57:08,979 [main] INFO nopCommerce - *****Login passed******
2021-09-18 04:57:11,290 [main] INFO nopCommerce - *****Login passed******
2021-09-18 05:02:28,698 [main] INFO nopCommerce - ******Launching URL*******
2021-09-18 05:02:29,099 [main] INFO nopCommerce - *****Opening URL*****
2021-09-18 05:02:33,871 [main] INFO nopCommerce - *****Providing login details****
2021-09-18 05:02:34,238 [main] INFO nopCommerce - *****Started Login*****
2021-09-18 05:02:53,470 [main] INFO nopCommerce - *****Adding a new customer******
2021-09-18 05:02:53,470 [main] INFO nopCommerce - *****Providing information******
2021-09-18 05:03:06,894 [main] INFO nopCommerce - *****Saving customer data******
2021-09-18 05:03:16,952 [main] INFO nopCommerce - ******Launching URL*******
2021-09-18 05:03:16,972 [main] INFO nopCommerce - *****Opening URL*****
2021-09-18 05:03:21,070 [main] INFO nopCommerce - *****Providing login details****
2021-09-18 05:03:21,383 [main] INFO nopCommerce - *****Started Login*****
2021-09-18 05:03:35,822 [main] INFO nopCommerce - *****Searching customer by Email ID******
2021-09-18 05:03:36,070 [main] INFO nopCommerce - *****Search starts******
2021-09-18 05:03:39,184 [main] INFO nopCommerce - *****Checking the search results displayed******
2021-09-18 05:03:41,959 [main] INFO nopCommerce - ******Launching URL*******
2021-09-18 05:03:41,981 [main] INFO nopCommerce - *****Opening URL*****
2021-09-18 05:03:45,247 [main] INFO nopCommerce - *****Providing login details****
2021-09-18 05:03:45,667 [main] INFO nopCommerce - *****Started Login*****
2021-09-18 05:03:56,381 [main] INFO nopCommerce - *****Login passed******
2021-09-18 05:03:59,409 [main] INFO nopCommerce - *****Login passed******
2021-09-18 05:04:01,714 [main] INFO nopCommerce - ******Launching URL*******
2021-09-18 05:04:01,983 [main] INFO nopCommerce - *****Opening URL*****
2021-09-18 05:04:07,215 [main] INFO nopCommerce - *****Providing login details****
2021-09-18 05:04:07,559 [main] INFO nopCommerce - *****Started Login*****
2021-09-18 05:04:15,906 [main] INFO nopCommerce - *****Login passed******
2021-09-18 05:04:18,752 [main] INFO nopCommerce - *****Login passed******
2021-09-18 05:07:40,368 [main] INFO nopCommerce - ******Launching URL*******
2021-09-18 05:07:40,761 [main] INFO nopCommerce - *****Opening URL*****
2021-09-18 05:07:44,818 [main] INFO nopCommerce - *****Providing login details****
2021-09-18 05:07:45,108 [main] INFO nopCommerce - *****Started Login*****
2021-09-18 05:08:02,786 [main] INFO nopCommerce - *****Adding a new customer******
2021-09-18 05:08:02,786 [main] INFO nopCommerce - *****Providing information******
2021-09-18 05:08:16,126 [main] INFO nopCommerce - *****Saving customer data******
2021-09-18 05:08:22,996 [main] INFO nopCommerce - ******Launching URL*******
2021-09-18 05:08:23,014 [main] INFO nopCommerce - *****Opening URL*****
2021-09-18 05:08:25,439 [main] INFO nopCommerce - *****Providing login details****
2021-09-18 05:08:25,659 [main] INFO nopCommerce - *****Started Login*****
2021-09-18 05:08:41,536 [main] INFO nopCommerce - *****Searching customer by Email ID******
2021-09-18 05:08:41,810 [main] INFO nopCommerce - *****Search starts******
2021-09-18 05:08:44,938 [main] INFO nopCommerce - *****Checking the search results displayed******
2021-09-18 05:08:47,900 [main] INFO nopCommerce - ******Launching URL*******
2021-09-18 05:08:47,906 [main] INFO nopCommerce - *****Opening URL*****
2021-09-18 05:08:52,791 [main] INFO nopCommerce - *****Providing login details****
2021-09-18 05:08:53,001 [main] INFO nopCommerce - *****Started Login*****
2021-09-18 05:09:05,537 [main] INFO nopCommerce - *****Login passed******
2021-09-18 05:09:09,044 [main] INFO nopCommerce - *****Login passed******
2021-09-18 05:09:11,697 [main] INFO nopCommerce - ******Launching URL*******
2021-09-18 05:09:12,510 [main] INFO nopCommerce - *****Opening URL*****
2021-09-18 05:09:15,917 [main] INFO nopCommerce - *****Providing login details****
2021-09-18 05:09:16,126 [main] INFO nopCommerce - *****Started Login*****
2021-09-18 05:09:26,136 [main] INFO nopCommerce - *****Login passed******
2021-09-18 05:09:28,978 [main] INFO nopCommerce - *****Login passed******
2021-09-18 05:18:15,498 [main] INFO nopCommerce - ******Launching URL*******
2021-09-18 05:18:15,747 [main] INFO nopCommerce - *****Opening URL*****
2021-09-18 05:18:18,977 [main] INFO nopCommerce - *****Providing login details****
2021-09-18 05:18:19,212 [main] INFO nopCommerce - *****Started Login*****
2021-09-18 05:19:19,598 [main] INFO nopCommerce - *****Adding a new customer******
2021-09-18 05:19:19,607 [main] INFO nopCommerce - *****Providing information******
2021-09-18 05:19:35,210 [main] INFO nopCommerce - *****Saving customer data******
2021-09-18 05:19:49,489 [main] INFO nopCommerce - ******Launching URL*******
2021-09-18 05:19:49,498 [main] INFO nopCommerce - *****Opening URL*****
2021-09-18 05:19:54,776 [main] INFO nopCommerce - *****Providing login details****
2021-09-18 05:19:55,076 [main] INFO nopCommerce - *****Started Login*****
2021-09-18 05:20:09,161 [main] INFO nopCommerce - *****Searching customer by Email ID******
2021-09-18 05:20:10,942 [main] INFO nopCommerce - *****Search starts******
2021-09-18 05:20:14,050 [main] INFO nopCommerce - *****Checking the search results displayed******
2021-09-18 05:20:17,199 [main] INFO nopCommerce - ******Launching URL*******
2021-09-18 05:20:17,418 [main] INFO nopCommerce - *****Opening URL*****
2021-09-18 05:20:22,759 [main] INFO nopCommerce - *****Providing login details****
2021-09-18 05:20:23,085 [main] INFO nopCommerce - *****Started Login*****
2021-09-18 05:20:38,264 [main] INFO nopCommerce - *****Login passed******
2021-09-18 05:20:42,100 [main] INFO nopCommerce - *****Login passed******
2021-09-18 05:20:45,600 [main] INFO nopCommerce - ******Launching URL*******
2021-09-18 05:20:45,607 [main] INFO nopCommerce - *****Opening URL*****
2021-09-18 05:20:49,783 [main] INFO nopCommerce - *****Providing login details****
2021-09-18 05:20:50,075 [main] INFO nopCommerce - *****Started Login*****
2021-09-18 05:21:01,529 [main] INFO nopCommerce - *****Login passed******
2021-09-18 05:21:03,167 [main] INFO nopCommerce - *****Login passed******
2021-09-18 05:53:12,631 [main] INFO nopCommerce - ******Launching URL*******
2021-09-18 05:53:13,661 [main] INFO nopCommerce - *****Opening URL*****
2021-09-18 05:53:16,044 [main] INFO nopCommerce - *****Providing login details****
2021-09-18 05:53:16,315 [main] INFO nopCommerce - *****Started Login*****
2021-09-18 05:53:34,878 [main] INFO nopCommerce - ******Launching URL*******
2021-09-18 05:53:35,035 [main] INFO nopCommerce - *****Opening URL*****
2021-09-18 05:53:38,266 [main] INFO nopCommerce - *****Providing login details****
2021-09-18 05:53:38,457 [main] INFO nopCommerce - *****Started Login*****
2021-09-18 05:54:04,627 [main] INFO nopCommerce - ******Launching URL*******
2021-09-18 05:54:04,630 [main] INFO nopCommerce - *****Opening URL*****
2021-09-18 05:54:10,729 [main] INFO nopCommerce - *****Providing login details****
2021-09-18 05:54:10,907 [main] INFO nopCommerce - *****Started Login*****
2021-09-18 05:54:17,779 [main] INFO nopCommerce - *****Login passed******
2021-09-18 05:54:22,361 [main] INFO nopCommerce - *****Login passed******
2021-09-18 05:54:31,370 [main] INFO nopCommerce - ******Launching URL*******
2021-09-18 05:54:31,373 [main] INFO nopCommerce - *****Opening URL*****
2021-09-18 05:54:40,028 [main] INFO nopCommerce - *****Providing login details****
2021-09-18 05:54:40,211 [main] INFO nopCommerce - *****Started Login*****
2021-09-18 05:54:44,933 [main] INFO nopCommerce - *****Login passed******
2021-09-18 05:54:47,496 [main] INFO nopCommerce - *****Login passed******
2021-09-18 05:58:39,445 [main] INFO nopCommerce - ******Launching URL*******
2021-09-18 05:58:40,092 [main] INFO nopCommerce - *****Opening URL*****
2021-09-18 05:58:42,640 [main] INFO nopCommerce - *****Providing login details****
2021-09-18 05:58:42,924 [main] INFO nopCommerce - *****Started Login*****
2021-09-18 05:58:57,248 [main] INFO nopCommerce - *****Adding a new customer******
2021-09-18 05:58:57,249 [main] INFO nopCommerce - *****Providing information******
2021-09-18 05:59:11,478 [main] INFO nopCommerce - *****Saving customer data******
2021-09-18 05:59:19,793 [main] INFO nopCommerce - ******Launching URL*******
2021-09-18 05:59:19,798 [main] INFO nopCommerce - *****Opening URL*****
2021-09-18 05:59:22,933 [main] INFO nopCommerce - *****Providing login details****
2021-09-18 05:59:23,105 [main] INFO nopCommerce - *****Started Login*****
2021-09-18 05:59:37,739 [main] INFO nopCommerce - *****Searching customer by Email ID******
2021-09-18 05:59:38,605 [main] INFO nopCommerce - *****Search starts******
2021-09-18 05:59:41,704 [main] INFO nopCommerce - *****Checking the search results displayed******
2021-09-18 05:59:46,004 [main] INFO nopCommerce - ******Launching URL*******
2021-09-18 05:59:46,008 [main] INFO nopCommerce - *****Opening URL*****
2021-09-18 05:59:48,517 [main] INFO nopCommerce - *****Providing login details****
2021-09-18 05:59:48,697 [main] INFO nopCommerce - *****Started Login*****
2021-09-18 05:59:53,388 [main] INFO nopCommerce - *****Login passed******
2021-09-18 05:59:55,521 [main] INFO nopCommerce - *****Login passed******
2021-09-18 05:59:58,329 [main] INFO nopCommerce - ******Launching URL*******
2021-09-18 05:59:58,384 [main] INFO nopCommerce - *****Opening URL*****
2021-09-18 06:00:02,914 [main] INFO nopCommerce - *****Providing login details****
2021-09-18 06:00:03,115 [main] INFO nopCommerce - *****Started Login*****
2021-09-18 06:00:09,496 [main] INFO nopCommerce - *****Login passed******
2021-09-18 06:00:13,047 [main] INFO nopCommerce - *****Login passed******
